TN:
SF:script/DeployTimeLockContract.s.sol
DA:11,23
FN:11,DeployTimeLockContract.run
FNDA:23,DeployTimeLockContract.run
DA:12,23
DA:13,23
DA:17,23
DA:19,23
DA:20,23
DA:25,23
DA:27,23
FNF:1
FNH:1
LF:8
LH:8
BRF:0
BRH:0
end_of_record
TN:
SF:script/HelperConfig.s.sol
DA:17,23
FN:17,HelperConfig.constructor
FNDA:23,HelperConfig.constructor
DA:18,23
BRDA:18,0,0,-
BRDA:18,0,1,23
DA:19,0
DA:22,23
DA:26,0
FN:26,HelperConfig.baseSepoliaConfig
FNDA:0,HelperConfig.baseSepoliaConfig
DA:27,0
DA:33,0
DA:37,23
FN:37,HelperConfig.getOrCreateAnvilConfi
FNDA:23,HelperConfig.getOrCreateAnvilConfi
DA:39,23
DA:45,23
FNF:3
FNH:2
LF:10
LH:6
BRF:2
BRH:1
end_of_record
TN:
SF:src/TimeLockContract.sol
DA:51,27
FN:51,TimeLockContract.constructor
FNDA:27,TimeLockContract.constructor
DA:56,27
BRDA:56,0,0,1
DA:57,1
DA:60,26
BRDA:60,1,0,1
DA:61,1
DA:64,25
BRDA:64,2,0,1
DA:65,1
DA:68,24
DA:69,24
DA:70,24
DA:74,260
FN:74,TimeLockContract.onlyGovernor
FNDA:260,TimeLockContract.onlyGovernor
DA:75,260
BRDA:75,3,0,-
DA:76,0
DA:82,1294
FN:82,TimeLockContract.queueTransaction
FNDA:1294,TimeLockContract.queueTransaction
DA:90,1294
BRDA:90,4,0,1
DA:91,1
DA:94,1293
BRDA:94,5,0,1
DA:95,1
DA:98,1292
BRDA:98,6,0,1
DA:99,1
DA:102,1291
DA:111,1291
DA:112,1291
DA:114,1291
DA:118,260
FN:118,TimeLockContract.waitTransaction
FNDA:260,TimeLockContract.waitTransaction
DA:119,260
DA:121,256
BRDA:121,7,0,256
DA:122,256
DA:125,4
BRDA:125,8,0,1
DA:126,1
DA:129,3
BRDA:129,9,0,1
DA:130,1
DA:133,2
BRDA:133,10,0,1
DA:134,1
DA:137,1
DA:141,776
FN:141,TimeLockContract.executeTransaction
FNDA:776,TimeLockContract.executeTransaction
DA:142,776
DA:144,776
BRDA:144,11,0,1
DA:145,1
DA:148,1
BRDA:148,12,0,1
DA:149,1
DA:152,774
BRDA:152,13,0,1
DA:153,1
DA:156,773
BRDA:156,14,0,1
DA:157,1
DA:160,772
DA:161,772
DA:163,772
DA:164,515
BRDA:164,15,0,515
BRDA:164,15,1,257
DA:165,515
DA:168,257
DA:173,260
FN:173,TimeLockContract.cancelTransaction
FNDA:260,TimeLockContract.cancelTransaction
DA:174,260
DA:176,1
BRDA:176,16,0,1
DA:177,1
DA:180,259
BRDA:180,17,0,1
DA:181,1
DA:184,258
BRDA:184,18,0,1
DA:185,1
DA:188,257
DA:189,257
DA:190,257
DA:192,257
DA:200,1
FN:200,TimeLockContract.getGovernorAddress
FNDA:1,TimeLockContract.getGovernorAddress
DA:201,1
DA:204,1
FN:204,TimeLockContract.getMinimumDelay
FNDA:1,TimeLockContract.getMinimumDelay
DA:205,1
DA:208,1
FN:208,TimeLockContract.getGreacePeriod
FNDA:1,TimeLockContract.getGreacePeriod
DA:209,1
DA:212,513
FN:212,TimeLockContract.getTransactionCount
FNDA:513,TimeLockContract.getTransactionCount
DA:213,513
DA:216,514
FN:216,TimeLockContract.getExcutionFlag
FNDA:514,TimeLockContract.getExcutionFlag
DA:217,514
DA:219,514
DA:222,514
FN:222,TimeLockContract.getQueueStatus
FNDA:514,TimeLockContract.getQueueStatus
DA:223,514
DA:225,514
FNF:12
FNH:12
LF:77
LH:76
BRF:20
BRH:19
end_of_record
TN:
SF:src/utils/ReentrancyGuard.sol
DA:14,776
FN:14,ReentrancyGuard.nonReentrance
FNDA:776,ReentrancyGuard.nonReentrance
DA:15,776
BRDA:15,0,0,-
DA:16,0
DA:19,776
DA:22,515
FNF:1
FNH:1
LF:5
LH:4
BRF:1
BRH:0
end_of_record
TN:
SF:test/mocks/BadReceiver.sol
DA:13,0
FN:13,BadReceiver.receive
FNDA:0,BadReceiver.receive
DA:14,0
DA:17,257
FN:17,BadReceiver.fallback
FNDA:257,BadReceiver.fallback
DA:18,257
FNF:2
FNH:1
LF:4
LH:2
BRF:0
BRH:0
end_of_record
